<?xml version="1.0" encoding="UTF-8"?>
<robot generator="Robot 7.2.2 (Python 3.13.2 on win32)" generated="2025-03-21T16:05:07.956732" rpa="false" schemaversion="5">
<suite id="s1" name="Exemplo Teste" source="C:\Users\ga060224\Desktop\projeto_robot\exemplo_teste.robot">
<test id="s1-t1" name="Criar Usuário e Clicar em Signup" line="13">
<kw name="Open Browser" owner="SeleniumLibrary">
<msg time="2025-03-21T16:05:08.993052" level="INFO">Opening browser 'Chrome' to base url 'https://teste-estagiarios.vercel.app/'.</msg>
<arg>${URL}</arg>
<arg>${BROWSER}</arg>
<doc>Opens a new browser instance to the optional ``url``.</doc>
<status status="PASS" start="2025-03-21T16:05:08.992708" elapsed="3.913317"/>
</kw>
<kw name="Maximize Browser Window" owner="SeleniumLibrary">
<doc>Maximizes current browser window.</doc>
<status status="PASS" start="2025-03-21T16:05:12.907995" elapsed="0.091662"/>
</kw>
<kw name="Wait Until Element Is Visible" owner="SeleniumLibrary">
<arg>xpath=//a[@href='/password/login']</arg>
<arg>10s</arg>
<doc>Waits until the element ``locator`` is visible.</doc>
<status status="PASS" start="2025-03-21T16:05:13.005917" elapsed="0.199910"/>
</kw>
<kw name="Click Element" owner="SeleniumLibrary">
<msg time="2025-03-21T16:05:13.211583" level="INFO">Clicking element 'xpath=//a[@href='/password/login']'.</msg>
<arg>xpath=//a[@href='/password/login']</arg>
<doc>Click the element identified by ``locator``.</doc>
<status status="PASS" start="2025-03-21T16:05:13.211149" elapsed="0.236419"/>
</kw>
<kw name="Wait Until Element Is Visible" owner="SeleniumLibrary">
<arg>xpath=//a[@href='/password/signup']</arg>
<arg>10s</arg>
<doc>Waits until the element ``locator`` is visible.</doc>
<status status="PASS" start="2025-03-21T16:05:13.448126" elapsed="0.047410"/>
</kw>
<kw name="Click Element" owner="SeleniumLibrary">
<msg time="2025-03-21T16:05:13.496479" level="INFO">Clicking element 'xpath=//a[@href='/password/signup']'.</msg>
<arg>xpath=//a[@href='/password/signup']</arg>
<doc>Click the element identified by ``locator``.</doc>
<status status="PASS" start="2025-03-21T16:05:13.496080" elapsed="0.116474"/>
</kw>
<kw name="Email" owner="FakerLibrary">
<msg time="2025-03-21T16:05:13.614020" level="INFO">${EMAIL} = rebekahbaker@example.org</msg>
<var>${EMAIL}</var>
<status status="PASS" start="2025-03-21T16:05:13.613071" elapsed="0.001050"/>
</kw>
<kw name="Create File" owner="OperatingSystem">
<msg time="2025-03-21T16:05:13.619784" level="INFO" html="true">Created file '&lt;a href="file://C:\Users\ga060224\Desktop\projeto_robot\email_gerado.txt"&gt;C:\Users\ga060224\Desktop\projeto_robot\email_gerado.txt&lt;/a&gt;'.</msg>
<arg>${EMAIL_FILE}</arg>
<arg>${EMAIL}</arg>
<doc>Creates a file with the given content and encoding.</doc>
<status status="PASS" start="2025-03-21T16:05:13.614548" elapsed="0.005478"/>
</kw>
<kw name="Wait Until Element Is Visible" owner="SeleniumLibrary">
<msg time="2025-03-21T16:05:13.669637" level="INFO">Suppressing StaleElementReferenceException from Selenium.</msg>
<arg>xpath=//input[@type='email']</arg>
<arg>10s</arg>
<doc>Waits until the element ``locator`` is visible.</doc>
<status status="PASS" start="2025-03-21T16:05:13.620783" elapsed="0.265643"/>
</kw>
<kw name="Input Text" owner="SeleniumLibrary">
<msg time="2025-03-21T16:05:13.887392" level="INFO">Typing text 'rebekahbaker@example.org' into text field 'xpath=//input[@type='email']'.</msg>
<arg>xpath=//input[@type='email']</arg>
<arg>${EMAIL}</arg>
<doc>Types the given ``text`` into the text field identified by ``locator``.</doc>
<status status="PASS" start="2025-03-21T16:05:13.887064" elapsed="0.161071"/>
</kw>
<kw name="Input Text" owner="SeleniumLibrary">
<msg time="2025-03-21T16:05:14.049039" level="INFO">Typing text 'Teste@1234' into text field 'xpath=//input[@type='password']'.</msg>
<arg>xpath=//input[@type='password']</arg>
<arg>${SENHA}</arg>
<doc>Types the given ``text`` into the text field identified by ``locator``.</doc>
<status status="PASS" start="2025-03-21T16:05:14.048657" elapsed="0.120269"/>
</kw>
<kw name="Wait Until Element Is Visible" owner="SeleniumLibrary">
<arg>xpath=//button[contains(text(), 'Signup')]</arg>
<arg>10s</arg>
<doc>Waits until the element ``locator`` is visible.</doc>
<status status="PASS" start="2025-03-21T16:05:14.169431" elapsed="0.022355"/>
</kw>
<kw name="Click Button" owner="SeleniumLibrary">
<msg time="2025-03-21T16:05:14.192359" level="INFO">Clicking button 'xpath=//button[contains(text(), 'Signup')]'.</msg>
<arg>xpath=//button[contains(text(), 'Signup')]</arg>
<doc>Clicks the button identified by ``locator``.</doc>
<status status="PASS" start="2025-03-21T16:05:14.192123" elapsed="0.099462"/>
</kw>
<kw name="Wait Until Page Contains" owner="SeleniumLibrary">
<arg>Welcome!</arg>
<arg>10s</arg>
<doc>Waits until ``text`` appears on the current page.</doc>
<status status="PASS" start="2025-03-21T16:05:14.292119" elapsed="0.647006"/>
</kw>
<kw name="Page Should Contain" owner="SeleniumLibrary">
<msg time="2025-03-21T16:05:14.956571" level="INFO">Current page contains text 'Signup successful!'.</msg>
<arg>Signup successful!</arg>
<doc>Verifies that current page contains ``text``.</doc>
<status status="PASS" start="2025-03-21T16:05:14.939517" elapsed="0.017184"/>
</kw>
<kw name="Close Browser" owner="SeleniumLibrary">
<doc>Closes the current browser.</doc>
<status status="PASS" start="2025-03-21T16:05:14.957165" elapsed="2.373340"/>
</kw>
<status status="PASS" start="2025-03-21T16:05:08.990995" elapsed="8.340026"/>
</test>
<status status="PASS" start="2025-03-21T16:05:07.959448" elapsed="9.372897"/>
</suite>
<statistics>
<total>
<stat pass="1" fail="0" skip="0">All Tests</stat>
</total>
<tag>
</tag>
<suite>
<stat name="Exemplo Teste" id="s1" pass="1" fail="0" skip="0">Exemplo Teste</stat>
</suite>
</statistics>
<errors>
</errors>
</robot>
